<?xml version="1.0" encoding="UTF-8"?>
<testsuite xmlns:xsi="http://www.w3.org/2001/XMLSchema-instance" xsi:noNamespaceSchemaLocation="https://maven.apache.org/surefire/maven-surefire-plugin/xsd/surefire-test-report-3.0.xsd" version="3.0" name="com.messenger.chat.service.MessageServiceTest" time="0.456" tests="4" errors="0" skipped="0" failures="0">
  <properties>
[...]
</properties>
  <testcase name="processMessage_ShouldSendKafkaEventWithCorrectData" classname="com.messenger.chat.service.MessageServiceTest" time="0.394">
    <system-out><![CDATA[2026-06-23T19:46:37.017+03:00  INFO 21560 --- [           main] c.messenger.chat.service.MessageService  : Processing message from user 031cdde1-708e-4c5b-bc1e-be3d0f2ddb36 in chat b2dbf0a6-3432-4a89-b20e-89f7533b5fd1
2026-06-23T19:46:37.019+03:00  INFO 21560 --- [           main] c.messenger.chat.service.MessageService  : Message saved with ID: c6c7c0fa-77eb-49da-9f8a-3fcd80e8bbdb
2026-06-23T19:46:37.035+03:00  INFO 21560 --- [           main] c.messenger.chat.service.MessageService  : Message sent to WebSocket topic: /topic/chat/b2dbf0a6-3432-4a89-b20e-89f7533b5fd1
2026-06-23T19:46:37.038+03:00  INFO 21560 --- [           main] c.messenger.chat.service.MessageService  : Message event sent to Kafka
]]></system-out>
  </testcase>
  <testcase name="processMessage_ShouldProcessAndSaveMessage_WhenValid" classname="com.messenger.chat.service.MessageServiceTest" time="0.017">
    <system-out><![CDATA[2026-06-23T19:46:37.074+03:00  INFO 21560 --- [           main] c.messenger.chat.service.MessageService  : Processing message from user c7b0c4a7-0770-4047-ac87-de93d1d5f47b in chat 3d1abca6-4b9a-4cb9-8f87-83df35b2f9bb
2026-06-23T19:46:37.076+03:00  INFO 21560 --- [           main] c.messenger.chat.service.MessageService  : Message saved with ID: 2eabcc04-4957-4576-82cb-842f7692870c
2026-06-23T19:46:37.077+03:00  INFO 21560 --- [           main] c.messenger.chat.service.MessageService  : Message sent to WebSocket topic: /topic/chat/3d1abca6-4b9a-4cb9-8f87-83df35b2f9bb
2026-06-23T19:46:37.078+03:00  INFO 21560 --- [           main] c.messenger.chat.service.MessageService  : Message event sent to Kafka
]]></system-out>
  </testcase>
  <testcase name="processMessage_ShouldThrowException_WhenUserNotParticipant" classname="com.messenger.chat.service.MessageServiceTest" time="0.012">
    <system-out><![CDATA[2026-06-23T19:46:37.094+03:00  INFO 21560 --- [           main] c.messenger.chat.service.MessageService  : Processing message from user 6413d707-ee84-40a5-9fed-5ad3e7654a85 in chat b8697390-32e5-4354-8430-323b0624db1a
]]></system-out>
  </testcase>
  <testcase name="processMessage_ShouldGenerateCorrectHash" classname="com.messenger.chat.service.MessageServiceTest" time="0.017">
    <system-out><![CDATA[2026-06-23T19:46:37.111+03:00  INFO 21560 --- [           main] c.messenger.chat.service.MessageService  : Processing message from user 3b8af490-9743-4182-9a23-f9a7efd6799b in chat 928985a2-27a1-45d2-9224-302d0fa5743c
2026-06-23T19:46:37.113+03:00  INFO 21560 --- [           main] c.messenger.chat.service.MessageService  : Message saved with ID: 6fabec4a-6082-458e-83fe-93007385d8d2
2026-06-23T19:46:37.114+03:00  INFO 21560 --- [           main] c.messenger.chat.service.MessageService  : Message sent to WebSocket topic: /topic/chat/928985a2-27a1-45d2-9224-302d0fa5743c
2026-06-23T19:46:37.115+03:00  INFO 21560 --- [           main] c.messenger.chat.service.MessageService  : Message event sent to Kafka
]]></system-out>
  </testcase>
</testsuite>