<?xml version="1.0" encoding="UTF-8"?>
<testsuite xmlns:xsi="http://www.w3.org/2001/XMLSchema-instance" xsi:noNamespaceSchemaLocation="https://maven.apache.org/surefire/maven-surefire-plugin/xsd/surefire-test-report-3.0.xsd" version="3.0" name="com.messenger.chat.repository.RepositoryTest" time="17.061" tests="8" errors="0" skipped="0" failures="0">
  <properties>
[...]
</properties>
  <testcase name="participantRepository_FindByChatId_ShouldReturnAllParticipants" classname="com.messenger.chat.repository.RepositoryTest" time="1.965">
    <system-out><![CDATA[19:46:17.686 [main] INFO org.springframework.test.context.support.AnnotationConfigContextLoaderUtils -- Could not detect default configuration classes for test class [com.messenger.chat.repository.RepositoryTest]: RepositoryTest does not declare any static, non-private, non-final, nested classes annotated with @Configuration.
19:46:18.254 [main] INFO org.springframework.boot.test.context.SpringBootTestContextBootstrapper -- Found @SpringBootConfiguration com.messenger.ChatApplication for test class com.messenger.chat.repository.RepositoryTest

  .   ____          _            __ _ _
 /\\ / ___'_ __ _ _(_)_ __  __ _ \ \ \ \
( ( )\___ | '_ | '_| | '_ \/ _` | \ \ \ \
 \\/  ___)| |_)| | | | | || (_| |  ) ) ) )
  '  |____| .__|_| |_|_| |_\__, | / / / /
 =========|_|==============|___/=/_/_/_/
 :: Spring Boot ::                (v3.1.5)

2026-06-23T19:46:20.199+03:00  INFO 21560 --- [           main] c.m.chat.repository.RepositoryTest       : Starting RepositoryTest using Java 21.0.8 with PID 21560 (started by dima in C:\Users\kris\Documents\GitHub\corporate-messenger\chat-service)
2026-06-23T19:46:20.201+03:00 DEBUG 21560 --- [           main] c.m.chat.repository.RepositoryTest       : Running with Spring Boot v3.1.5, Spring v6.0.13
2026-06-23T19:46:20.202+03:00  INFO 21560 --- [           main] c.m.chat.repository.RepositoryTest       : The following 1 profile is active: "test"
2026-06-23T19:46:21.413+03:00  INFO 21560 --- [           main] .s.d.r.c.RepositoryConfigurationDelegate : Multiple Spring Data modules found, entering strict repository configuration mode
2026-06-23T19:46:21.420+03:00  INFO 21560 --- [           main] .s.d.r.c.RepositoryConfigurationDelegate : Bootstrapping Spring Data JPA repositories in DEFAULT mode.
2026-06-23T19:46:22.139+03:00  INFO 21560 --- [           main] .s.d.r.c.RepositoryConfigurationDelegate : Finished Spring Data repository scanning in 685 ms. Found 3 JPA repository interfaces.
2026-06-23T19:46:22.318+03:00  INFO 21560 --- [           main] beddedDataSourceBeanFactoryPostProcessor : Replacing 'dataSource' DataSource bean with embedded version
2026-06-23T19:46:22.921+03:00  INFO 21560 --- [           main] o.s.j.d.e.EmbeddedDatabaseFactory        : Starting embedded database: url='jdbc:h2:mem:2ff9a5da-81f2-4606-8dc8-ea65ce03660a;DB_CLOSE_DELAY=-1;DB_CLOSE_ON_EXIT=false', username='sa'
2026-06-23T19:46:24.113+03:00  INFO 21560 --- [           main] o.hibernate.jpa.internal.util.LogHelper  : HHH000204: Processing PersistenceUnitInfo [name: default]
2026-06-23T19:46:24.377+03:00  INFO 21560 --- [           main] org.hibernate.Version                    : HHH000412: Hibernate ORM core version 6.2.13.Final
2026-06-23T19:46:24.385+03:00  INFO 21560 --- [           main] org.hibernate.cfg.Environment            : HHH000406: Using bytecode reflection optimizer
2026-06-23T19:46:25.528+03:00  INFO 21560 --- [           main] o.s.o.j.p.SpringPersistenceUnitInfo      : No LoadTimeWeaver setup: ignoring JPA class transformer
2026-06-23T19:46:25.731+03:00  WARN 21560 --- [           main] org.hibernate.orm.deprecation            : HHH90000025: H2Dialect does not need to be specified explicitly using 'hibernate.dialect' (remove the property setting and it will be selected by default)
2026-06-23T19:46:28.768+03:00  INFO 21560 --- [           main] o.h.e.t.j.p.i.JtaPlatformInitiator       : HHH000489: No JTA platform available (set 'hibernate.transaction.jta.platform' to enable JTA platform integration)
Hibernate: 
    drop table if exists chat_participants cascade 
Hibernate: 
    drop table if exists chats cascade 
Hibernate: 
    drop table if exists messages cascade 
Hibernate: 
    create table chat_participants (
        joined_at timestamp(6),
        chat_id UUID not null,
        user_id UUID not null,
        role varchar(20) check (role in ('MEMBER','ADMIN')),
        primary key (chat_id, user_id)
    )
Hibernate: 
    create table chats (
        created_at timestamp(6),
        created_by UUID,
        id UUID not null,
        type varchar(20) not null check (type in ('DIALOG','GROUP')),
        name varchar(100),
        primary key (id)
    )
Hibernate: 
    create table messages (
        is_deleted boolean,
        sent_at timestamp(6),
        chat_id UUID,
        id UUID not null,
        sender_id UUID,
        content_hash varchar(64) not null,
        blockchain_tx_id varchar(255),
        encrypted_content varchar(255) not null,
        primary key (id)
    )
Hibernate: 
    alter table if exists chat_participants 
       add constraint FKn4feij8janlba38q59kl2ebgg 
       foreign key (chat_id) 
       references chats
Hibernate: 
    alter table if exists messages 
       add constraint FK64w44ngcpqp99ptcb9werdfmb 
       foreign key (chat_id) 
       references chats
2026-06-23T19:46:28.950+03:00  INFO 21560 --- [           main] j.LocalContainerEntityManagerFactoryBean : Initialized JPA EntityManagerFactory for persistence unit 'default'
2026-06-23T19:46:30.270+03:00  INFO 21560 --- [           main] o.s.d.j.r.query.QueryEnhancerFactory     : Hibernate is in classpath; If applicable, HQL parser will be used.
2026-06-23T19:46:31.775+03:00  INFO 21560 --- [           main] c.m.chat.repository.RepositoryTest       : Started RepositoryTest in 13.202 seconds (process running for 17.111)
Hibernate: 
    select
        c1_0.chat_id,
        c1_0.user_id,
        c1_0.joined_at,
        c1_0.role 
    from
        chat_participants c1_0 
    where
        (
            c1_0.chat_id,c1_0.user_id
        ) in ((?,?))
Hibernate: 
    select
        c1_0.chat_id,
        c1_0.user_id,
        c1_0.joined_at,
        c1_0.role 
    from
        chat_participants c1_0 
    where
        (
            c1_0.chat_id,c1_0.user_id
        ) in ((?,?))
Hibernate: 
    select
        c1_0.chat_id,
        c1_0.user_id,
        c1_0.joined_at,
        c1_0.role 
    from
        chat_participants c1_0 
    where
        (
            c1_0.chat_id,c1_0.user_id
        ) in ((?,?))
Hibernate: 
    insert 
    into
        chats
        (created_at,created_by,name,type,id) 
    values
        (?,?,?,?,?)
Hibernate: 
    insert 
    into
        chat_participants
        (joined_at,role,chat_id,user_id) 
    values
        (?,?,?,?)
Hibernate: 
    insert 
    into
        chat_participants
        (joined_at,role,chat_id,user_id) 
    values
        (?,?,?,?)
Hibernate: 
    insert 
    into
        chat_participants
        (joined_at,role,chat_id,user_id) 
    values
        (?,?,?,?)
Hibernate: 
    select
        c1_0.chat_id,
        c1_0.user_id,
        c1_0.joined_at,
        c1_0.role 
    from
        chat_participants c1_0 
    where
        c1_0.chat_id=?
]]></system-out>
    <system-err><![CDATA[WARNING: A Java agent has been loaded dynamically (C:\Users\kris\.m2\repository\net\bytebuddy\byte-buddy-agent\1.14.9\byte-buddy-agent-1.14.9.jar)
WARNING: If a serviceability tool is in use, please run with -XX:+EnableDynamicAgentLoading to hide this warning
WARNING: If a serviceability tool is not in use, please run with -Djdk.instrument.traceUsage for more information
WARNING: Dynamic loading of agents will be disallowed by default in a future release
]]></system-err>
  </testcase>
  <testcase name="messageRepository_FindByBlockchainTxIdIsNullAndChatId_ShouldReturnPendingMessages" classname="com.messenger.chat.repository.RepositoryTest" time="0.063">
    <system-out><![CDATA[Hibernate: 
    select
        c1_0.chat_id,
        c1_0.user_id,
        c1_0.joined_at,
        c1_0.role 
    from
        chat_participants c1_0 
    where
        (
            c1_0.chat_id,c1_0.user_id
        ) in ((?,?))
Hibernate: 
    select
        c1_0.chat_id,
        c1_0.user_id,
        c1_0.joined_at,
        c1_0.role 
    from
        chat_participants c1_0 
    where
        (
            c1_0.chat_id,c1_0.user_id
        ) in ((?,?))
Hibernate: 
    select
        c1_0.chat_id,
        c1_0.user_id,
        c1_0.joined_at,
        c1_0.role 
    from
        chat_participants c1_0 
    where
        (
            c1_0.chat_id,c1_0.user_id
        ) in ((?,?))
Hibernate: 
    insert 
    into
        chats
        (created_at,created_by,name,type,id) 
    values
        (?,?,?,?,?)
Hibernate: 
    insert 
    into
        chat_participants
        (joined_at,role,chat_id,user_id) 
    values
        (?,?,?,?)
Hibernate: 
    insert 
    into
        chat_participants
        (joined_at,role,chat_id,user_id) 
    values
        (?,?,?,?)
Hibernate: 
    insert 
    into
        chat_participants
        (joined_at,role,chat_id,user_id) 
    values
        (?,?,?,?)
Hibernate: 
    insert 
    into
        messages
        (blockchain_tx_id,chat_id,content_hash,encrypted_content,is_deleted,sender_id,sent_at,id) 
    values
        (?,?,?,?,?,?,?,?)
Hibernate: 
    insert 
    into
        messages
        (blockchain_tx_id,chat_id,content_hash,encrypted_content,is_deleted,sender_id,sent_at,id) 
    values
        (?,?,?,?,?,?,?,?)
Hibernate: 
    select
        m1_0.id,
        m1_0.blockchain_tx_id,
        m1_0.chat_id,
        m1_0.content_hash,
        m1_0.encrypted_content,
        m1_0.is_deleted,
        m1_0.sender_id,
        m1_0.sent_at 
    from
        messages m1_0 
    where
        m1_0.blockchain_tx_id is null 
        and m1_0.chat_id=?
]]></system-out>
  </testcase>
  <testcase name="messageRepository_SaveAndFindMessages_ShouldWork" classname="com.messenger.chat.repository.RepositoryTest" time="0.069">
    <system-out><![CDATA[Hibernate: 
    select
        c1_0.chat_id,
        c1_0.user_id,
        c1_0.joined_at,
        c1_0.role 
    from
        chat_participants c1_0 
    where
        (
            c1_0.chat_id,c1_0.user_id
        ) in ((?,?))
Hibernate: 
    select
        c1_0.chat_id,
        c1_0.user_id,
        c1_0.joined_at,
        c1_0.role 
    from
        chat_participants c1_0 
    where
        (
            c1_0.chat_id,c1_0.user_id
        ) in ((?,?))
Hibernate: 
    select
        c1_0.chat_id,
        c1_0.user_id,
        c1_0.joined_at,
        c1_0.role 
    from
        chat_participants c1_0 
    where
        (
            c1_0.chat_id,c1_0.user_id
        ) in ((?,?))
Hibernate: 
    insert 
    into
        chats
        (created_at,created_by,name,type,id) 
    values
        (?,?,?,?,?)
Hibernate: 
    insert 
    into
        chat_participants
        (joined_at,role,chat_id,user_id) 
    values
        (?,?,?,?)
Hibernate: 
    insert 
    into
        chat_participants
        (joined_at,role,chat_id,user_id) 
    values
        (?,?,?,?)
Hibernate: 
    insert 
    into
        chat_participants
        (joined_at,role,chat_id,user_id) 
    values
        (?,?,?,?)
Hibernate: 
    insert 
    into
        messages
        (blockchain_tx_id,chat_id,content_hash,encrypted_content,is_deleted,sender_id,sent_at,id) 
    values
        (?,?,?,?,?,?,?,?)
Hibernate: 
    select
        m1_0.id,
        m1_0.blockchain_tx_id,
        m1_0.chat_id,
        m1_0.content_hash,
        m1_0.encrypted_content,
        m1_0.is_deleted,
        m1_0.sender_id,
        m1_0.sent_at 
    from
        messages m1_0 
    where
        m1_0.chat_id=? 
    order by
        m1_0.sent_at desc 
    offset
        ? rows 
    fetch
        first ? rows only
]]></system-out>
  </testcase>
  <testcase name="participantRepository_DeleteByChatIdAndUserId_ShouldRemoveParticipant" classname="com.messenger.chat.repository.RepositoryTest" time="0.085">
    <system-out><![CDATA[Hibernate: 
    select
        c1_0.chat_id,
        c1_0.user_id,
        c1_0.joined_at,
        c1_0.role 
    from
        chat_participants c1_0 
    where
        (
            c1_0.chat_id,c1_0.user_id
        ) in ((?,?))
Hibernate: 
    select
        c1_0.chat_id,
        c1_0.user_id,
        c1_0.joined_at,
        c1_0.role 
    from
        chat_participants c1_0 
    where
        (
            c1_0.chat_id,c1_0.user_id
        ) in ((?,?))
Hibernate: 
    select
        c1_0.chat_id,
        c1_0.user_id,
        c1_0.joined_at,
        c1_0.role 
    from
        chat_participants c1_0 
    where
        (
            c1_0.chat_id,c1_0.user_id
        ) in ((?,?))
Hibernate: 
    insert 
    into
        chats
        (created_at,created_by,name,type,id) 
    values
        (?,?,?,?,?)
Hibernate: 
    insert 
    into
        chat_participants
        (joined_at,role,chat_id,user_id) 
    values
        (?,?,?,?)
Hibernate: 
    insert 
    into
        chat_participants
        (joined_at,role,chat_id,user_id) 
    values
        (?,?,?,?)
Hibernate: 
    insert 
    into
        chat_participants
        (joined_at,role,chat_id,user_id) 
    values
        (?,?,?,?)
Hibernate: 
    select
        c1_0.chat_id,
        c1_0.user_id,
        c1_0.joined_at,
        c1_0.role 
    from
        chat_participants c1_0 
    where
        c1_0.chat_id=? 
        and c1_0.user_id=?
Hibernate: 
    delete 
    from
        chat_participants 
    where
        chat_id=? 
        and user_id=?
Hibernate: 
    select
        c1_0.chat_id,
        c1_0.user_id,
        c1_0.joined_at,
        c1_0.role 
    from
        chat_participants c1_0 
    where
        c1_0.chat_id=?
]]></system-out>
  </testcase>
  <testcase name="chatRepository_FindChatsByUserId_ShouldReturnUserChats" classname="com.messenger.chat.repository.RepositoryTest" time="0.069">
    <system-out><![CDATA[Hibernate: 
    select
        c1_0.chat_id,
        c1_0.user_id,
        c1_0.joined_at,
        c1_0.role 
    from
        chat_participants c1_0 
    where
        (
            c1_0.chat_id,c1_0.user_id
        ) in ((?,?))
Hibernate: 
    select
        c1_0.chat_id,
        c1_0.user_id,
        c1_0.joined_at,
        c1_0.role 
    from
        chat_participants c1_0 
    where
        (
            c1_0.chat_id,c1_0.user_id
        ) in ((?,?))
Hibernate: 
    select
        c1_0.chat_id,
        c1_0.user_id,
        c1_0.joined_at,
        c1_0.role 
    from
        chat_participants c1_0 
    where
        (
            c1_0.chat_id,c1_0.user_id
        ) in ((?,?))
Hibernate: 
    insert 
    into
        chats
        (created_at,created_by,name,type,id) 
    values
        (?,?,?,?,?)
Hibernate: 
    insert 
    into
        chat_participants
        (joined_at,role,chat_id,user_id) 
    values
        (?,?,?,?)
Hibernate: 
    insert 
    into
        chat_participants
        (joined_at,role,chat_id,user_id) 
    values
        (?,?,?,?)
Hibernate: 
    insert 
    into
        chat_participants
        (joined_at,role,chat_id,user_id) 
    values
        (?,?,?,?)
Hibernate: 
    select
        c1_0.id,
        c1_0.created_at,
        c1_0.created_by,
        c1_0.name,
        c1_0.type 
    from
        chats c1_0 
    join
        chat_participants p1_0 
            on c1_0.id=p1_0.chat_id 
    where
        p1_0.user_id=?
]]></system-out>
  </testcase>
  <testcase name="chatRepository_FindDialogBetweenUsers_ShouldReturnDialog" classname="com.messenger.chat.repository.RepositoryTest" time="0.093">
    <system-out><![CDATA[Hibernate: 
    select
        c1_0.chat_id,
        c1_0.user_id,
        c1_0.joined_at,
        c1_0.role 
    from
        chat_participants c1_0 
    where
        (
            c1_0.chat_id,c1_0.user_id
        ) in ((?,?))
Hibernate: 
    select
        c1_0.chat_id,
        c1_0.user_id,
        c1_0.joined_at,
        c1_0.role 
    from
        chat_participants c1_0 
    where
        (
            c1_0.chat_id,c1_0.user_id
        ) in ((?,?))
Hibernate: 
    select
        c1_0.chat_id,
        c1_0.user_id,
        c1_0.joined_at,
        c1_0.role 
    from
        chat_participants c1_0 
    where
        (
            c1_0.chat_id,c1_0.user_id
        ) in ((?,?))
Hibernate: 
    select
        c1_0.chat_id,
        c1_0.user_id,
        c1_0.joined_at,
        c1_0.role 
    from
        chat_participants c1_0 
    where
        (
            c1_0.chat_id,c1_0.user_id
        ) in ((?,?))
Hibernate: 
    select
        c1_0.chat_id,
        c1_0.user_id,
        c1_0.joined_at,
        c1_0.role 
    from
        chat_participants c1_0 
    where
        (
            c1_0.chat_id,c1_0.user_id
        ) in ((?,?))
Hibernate: 
    insert 
    into
        chats
        (created_at,created_by,name,type,id) 
    values
        (?,?,?,?,?)
Hibernate: 
    insert 
    into
        chat_participants
        (joined_at,role,chat_id,user_id) 
    values
        (?,?,?,?)
Hibernate: 
    insert 
    into
        chat_participants
        (joined_at,role,chat_id,user_id) 
    values
        (?,?,?,?)
Hibernate: 
    insert 
    into
        chat_participants
        (joined_at,role,chat_id,user_id) 
    values
        (?,?,?,?)
Hibernate: 
    insert 
    into
        chats
        (created_at,created_by,name,type,id) 
    values
        (?,?,?,?,?)
Hibernate: 
    insert 
    into
        chat_participants
        (joined_at,role,chat_id,user_id) 
    values
        (?,?,?,?)
Hibernate: 
    insert 
    into
        chat_participants
        (joined_at,role,chat_id,user_id) 
    values
        (?,?,?,?)
Hibernate: 
    select
        c1_0.id,
        c1_0.created_at,
        c1_0.created_by,
        c1_0.name,
        c1_0.type 
    from
        chats c1_0 
    join
        chat_participants p1_0 
            on c1_0.id=p1_0.chat_id 
    where
        c1_0.type='DIALOG' 
        and p1_0.user_id in (?,?) 
    group by
        c1_0.id,
        c1_0.created_at,
        c1_0.created_by,
        c1_0.name,
        c1_0.type 
    having
        count(*)=2
]]></system-out>
  </testcase>
  <testcase name="participantRepository_ExistsByChatIdAndUserId_ShouldReturnFalse_WhenNotExists" classname="com.messenger.chat.repository.RepositoryTest" time="0.054">
    <system-out><![CDATA[Hibernate: 
    select
        c1_0.chat_id,
        c1_0.user_id,
        c1_0.joined_at,
        c1_0.role 
    from
        chat_participants c1_0 
    where
        (
            c1_0.chat_id,c1_0.user_id
        ) in ((?,?))
Hibernate: 
    select
        c1_0.chat_id,
        c1_0.user_id,
        c1_0.joined_at,
        c1_0.role 
    from
        chat_participants c1_0 
    where
        (
            c1_0.chat_id,c1_0.user_id
        ) in ((?,?))
Hibernate: 
    select
        c1_0.chat_id,
        c1_0.user_id,
        c1_0.joined_at,
        c1_0.role 
    from
        chat_participants c1_0 
    where
        (
            c1_0.chat_id,c1_0.user_id
        ) in ((?,?))
Hibernate: 
    insert 
    into
        chats
        (created_at,created_by,name,type,id) 
    values
        (?,?,?,?,?)
Hibernate: 
    insert 
    into
        chat_participants
        (joined_at,role,chat_id,user_id) 
    values
        (?,?,?,?)
Hibernate: 
    insert 
    into
        chat_participants
        (joined_at,role,chat_id,user_id) 
    values
        (?,?,?,?)
Hibernate: 
    insert 
    into
        chat_participants
        (joined_at,role,chat_id,user_id) 
    values
        (?,?,?,?)
Hibernate: 
    select
        c1_0.chat_id,
        c1_0.user_id 
    from
        chat_participants c1_0 
    where
        c1_0.chat_id=? 
        and c1_0.user_id=? 
    fetch
        first ? rows only
]]></system-out>
  </testcase>
  <testcase name="participantRepository_ExistsByChatIdAndUserId_ShouldReturnTrue_WhenExists" classname="com.messenger.chat.repository.RepositoryTest" time="0.046">
    <system-out><![CDATA[Hibernate: 
    select
        c1_0.chat_id,
        c1_0.user_id,
        c1_0.joined_at,
        c1_0.role 
    from
        chat_participants c1_0 
    where
        (
            c1_0.chat_id,c1_0.user_id
        ) in ((?,?))
Hibernate: 
    select
        c1_0.chat_id,
        c1_0.user_id,
        c1_0.joined_at,
        c1_0.role 
    from
        chat_participants c1_0 
    where
        (
            c1_0.chat_id,c1_0.user_id
        ) in ((?,?))
Hibernate: 
    select
        c1_0.chat_id,
        c1_0.user_id,
        c1_0.joined_at,
        c1_0.role 
    from
        chat_participants c1_0 
    where
        (
            c1_0.chat_id,c1_0.user_id
        ) in ((?,?))
Hibernate: 
    insert 
    into
        chats
        (created_at,created_by,name,type,id) 
    values
        (?,?,?,?,?)
Hibernate: 
    insert 
    into
        chat_participants
        (joined_at,role,chat_id,user_id) 
    values
        (?,?,?,?)
Hibernate: 
    insert 
    into
        chat_participants
        (joined_at,role,chat_id,user_id) 
    values
        (?,?,?,?)
Hibernate: 
    insert 
    into
        chat_participants
        (joined_at,role,chat_id,user_id) 
    values
        (?,?,?,?)
Hibernate: 
    select
        c1_0.chat_id,
        c1_0.user_id 
    from
        chat_participants c1_0 
    where
        c1_0.chat_id=? 
        and c1_0.user_id=? 
    fetch
        first ? rows only
]]></system-out>
  </testcase>
</testsuite>